

Microchip MPLAB XC8 Assembler V2.32 build 20210201212658 
                                                                                               Sat Jan 15 22:12:47 2022

Microchip MPLAB XC8 C Compiler v2.32 (Free license) build 20210201212658 Og1 
     1                           	processor	16F628A
     2                           	pagewidth 120
     3                           	opt	flic
     4                           	psect	cinit,global,class=CODE,merge=1,delta=2
     5                           	psect	cstackCOMMON,global,class=COMMON,space=1,delta=1,noexec
     6                           	psect	maintext,global,class=CODE,split=1,delta=2
     7                           	psect	config,global,abs,ovrld,class=CONFIG,space=4,delta=2,noexec
     8                           	dabs	1,0x7E,2
     9  0000                     
    10                           ; Version 2.32
    11                           ; Generated 02/02/2021 GMT
    12                           ; 
    13                           ; Copyright © 2021, Microchip Technology Inc. and its subsidiaries ("Microchip")
    14                           ; All rights reserved.
    15                           ; 
    16                           ; This software is developed by Microchip Technology Inc. and its subsidiaries ("Microch
      +                          ip").
    17                           ; 
    18                           ; Redistribution and use in source and binary forms, with or without modification, are
    19                           ; permitted provided that the following conditions are met:
    20                           ; 
    21                           ;     1. Redistributions of source code must retain the above copyright notice, this lis
      +                          t of
    22                           ;        conditions and the following disclaimer.
    23                           ; 
    24                           ;     2. Redistributions in binary form must reproduce the above copyright notice, this 
      +                          list
    25                           ;        of conditions and the following disclaimer in the documentation and/or other
    26                           ;        materials provided with the distribution. Publication is not required when
    27                           ;        this file is used in an embedded application.
    28                           ; 
    29                           ;     3. Microchip's name may not be used to endorse or promote products derived from th
      +                          is
    30                           ;        software without specific prior written permission.
    31                           ; 
    32                           ; THIS SOFTWARE IS PROVIDED BY MICROCHIP "AS IS" AND ANY EXPRESS OR IMPLIED WARRANTIES,
    33                           ; INCLUDING, BUT NOT LIMITED TO, THE IMPLIED WARRANTIES OF MERCHANTABILITY AND FITNESS F
      +                          OR
    34                           ; PURPOSE ARE DISCLAIMED.  IN NO EVENT SHALL MICROCHIP BE LIABLE FOR ANY DIRECT, INDIREC
      +                          T,
    35                           ; INCIDENTAL, SPECIAL, EXEMPLARY, OR CONSEQUENTIAL DAMAGES (INCLUDING BUT NOT LIMITED TO
    36                           ; PROCUREMENT OF SUBSTITUTE GOODS OR SERVICES; LOSS OF USE, DATA OR PROFITS; OR BUSINESS
    37                           ; INTERRUPTION) HOWSOEVER CAUSED AND ON ANY THEORY OF LIABILITY, WHETHER IN CONTRACT, ST
      +                          RICT
    38                           ; LIABILITY, OR TORT (INCLUDING NEGLIGENCE OR OTHERWISE) ARISING IN ANY WAY OUT OF THE U
      +                          SE OF
    39                           ; THIS SOFTWARE, EVEN IF ADVISED OF THE POSSIBILITY OF SUCH DAMAGE.
    40                           ; 
    41                           ; 
    42                           ; Code-generator required, PIC16F628A Definitions
    43                           ; 
    44                           ; SFR Addresses
    45  0000                     	;# 
    46  0001                     	;# 
    47  0002                     	;# 
    48  0003                     	;# 
    49  0004                     	;# 
    50  0005                     	;# 
    51  0006                     	;# 
    52  000A                     	;# 
    53  000B                     	;# 
    54  000C                     	;# 
    55  000E                     	;# 
    56  000E                     	;# 
    57  000F                     	;# 
    58  0010                     	;# 
    59  0011                     	;# 
    60  0012                     	;# 
    61  0015                     	;# 
    62  0015                     	;# 
    63  0016                     	;# 
    64  0017                     	;# 
    65  0018                     	;# 
    66  0019                     	;# 
    67  001A                     	;# 
    68  001F                     	;# 
    69  0081                     	;# 
    70  0085                     	;# 
    71  0086                     	;# 
    72  008C                     	;# 
    73  008E                     	;# 
    74  0092                     	;# 
    75  0098                     	;# 
    76  0099                     	;# 
    77  009A                     	;# 
    78  009B                     	;# 
    79  009C                     	;# 
    80  009D                     	;# 
    81  009F                     	;# 
    82  0000                     	;# 
    83  0001                     	;# 
    84  0002                     	;# 
    85  0003                     	;# 
    86  0004                     	;# 
    87  0005                     	;# 
    88  0006                     	;# 
    89  000A                     	;# 
    90  000B                     	;# 
    91  000C                     	;# 
    92  000E                     	;# 
    93  000E                     	;# 
    94  000F                     	;# 
    95  0010                     	;# 
    96  0011                     	;# 
    97  0012                     	;# 
    98  0015                     	;# 
    99  0015                     	;# 
   100  0016                     	;# 
   101  0017                     	;# 
   102  0018                     	;# 
   103  0019                     	;# 
   104  001A                     	;# 
   105  001F                     	;# 
   106  0081                     	;# 
   107  0085                     	;# 
   108  0086                     	;# 
   109  008C                     	;# 
   110  008E                     	;# 
   111  0092                     	;# 
   112  0098                     	;# 
   113  0099                     	;# 
   114  009A                     	;# 
   115  009B                     	;# 
   116  009C                     	;# 
   117  009D                     	;# 
   118  009F                     	;# 
   119  0006                     _PORTBbits	set	6
   120  001F                     _CMCONbits	set	31
   121  0086                     _TRISBbits	set	134
   122                           
   123                           	psect	cinit
   124  07FE                     start_initialization:	
   125                           ; #config settings
   126                           
   127  07FE                     __initialization:
   128  07FE                     end_of_initialization:	
   129                           ;End of C runtime variable initialization code
   130                           
   131  07FE                     __end_of__initialization:
   132  07FE  0183               	clrf	3
   133  07FF  2FC0               	ljmp	_main	;jump to C main() function
   134                           
   135                           	psect	cstackCOMMON
   136  0070                     __pcstackCOMMON:
   137  0070                     ?_main:
   138  0070                     ??_main:	
   139                           ; 1 bytes @ 0x0
   140                           
   141                           
   142                           ; 1 bytes @ 0x0
   143  0070                     	ds	3
   144                           
   145                           	psect	maintext
   146  07C0                     __pmaintext:	
   147 ;;
   148 ;;Main: autosize = 0, tempsize = 3, incstack = 0, save=0
   149 ;;
   150 ;; *************** function _main *****************
   151 ;; Defined at:
   152 ;;		line 29 in file "newmain.c"
   153 ;; Parameters:    Size  Location     Type
   154 ;;		None
   155 ;; Auto vars:     Size  Location     Type
   156 ;;		None
   157 ;; Return value:  Size  Location     Type
   158 ;;                  1    wreg      void 
   159 ;; Registers used:
   160 ;;		wreg, status,2, status,0
   161 ;; Tracked objects:
   162 ;;		On entry : B00/0
   163 ;;		On exit  : 0/0
   164 ;;		Unchanged: 0/0
   165 ;; Data sizes:     COMMON   BANK0   BANK1   BANK2
   166 ;;      Params:         0       0       0       0
   167 ;;      Locals:         0       0       0       0
   168 ;;      Temps:          3       0       0       0
   169 ;;      Totals:         3       0       0       0
   170 ;;Total ram usage:        3 bytes
   171 ;; This function calls:
   172 ;;		Nothing
   173 ;; This function is called by:
   174 ;;		Startup code after reset
   175 ;; This function uses a non-reentrant model
   176 ;;
   177                           
   178                           
   179                           ;psect for function _main
   180  07C0                     _main:
   181                           
   182                           ;newmain.c: 31: CMCONbits.CM = 0b111;
   183                           
   184                           ;incstack = 0
   185                           ; Regs used in _main: [wreg+status,2+status,0]
   186  07C0  3007               	movlw	7
   187  07C1  1283               	bcf	3,5	;RP0=0, select bank0
   188  07C2  1303               	bcf	3,6	;RP1=0, select bank0
   189  07C3  049F               	iorwf	31,f	;volatile
   190                           
   191                           ;newmain.c: 32: TRISBbits.TRISB0 = 0;
   192  07C4  1683               	bsf	3,5	;RP0=1, select bank1
   193  07C5  1303               	bcf	3,6	;RP1=0, select bank1
   194  07C6  1006               	bcf	6,0	;volatile
   195                           
   196                           ;newmain.c: 33: TRISBbits.TRISB1 = 0;
   197  07C7  1086               	bcf	6,1	;volatile
   198                           
   199                           ;newmain.c: 34: TRISBbits.TRISB5 = 0;
   200  07C8  1286               	bcf	6,5	;volatile
   201  07C9                     l555:
   202                           
   203                           ;newmain.c: 37: {;newmain.c: 39: PORTBbits.RB0=1;
   204  07C9  1283               	bcf	3,5	;RP0=0, select bank0
   205  07CA  1406               	bsf	6,0	;volatile
   206                           
   207                           ;newmain.c: 41: _delay((unsigned long)((1000)*(4000000/4000.0)));
   208  07CB  3006               	movlw	6
   209  07CC  00F2               	movwf	??_main+2
   210  07CD  3013               	movlw	19
   211  07CE  00F1               	movwf	??_main+1
   212  07CF  30AD               	movlw	173
   213  07D0  00F0               	movwf	??_main
   214  07D1                     u17:
   215  07D1  0BF0               	decfsz	??_main,f
   216  07D2  2FD1               	goto	u17
   217  07D3  0BF1               	decfsz	??_main+1,f
   218  07D4  2FD1               	goto	u17
   219  07D5  0BF2               	decfsz	??_main+2,f
   220  07D6  2FD1               	goto	u17
   221  07D7  2FD8               	nop2
   222                           
   223                           ;newmain.c: 42: PORTBbits.RB1=1;
   224  07D8  1283               	bcf	3,5	;RP0=0, select bank0
   225  07D9  1303               	bcf	3,6	;RP1=0, select bank0
   226  07DA  1486               	bsf	6,1	;volatile
   227                           
   228                           ;newmain.c: 43: PORTBbits.RB0=0;
   229  07DB  1006               	bcf	6,0	;volatile
   230                           
   231                           ;newmain.c: 45: _delay((unsigned long)((1000)*(4000000/4000.0)));
   232  07DC  3006               	movlw	6
   233  07DD  00F2               	movwf	??_main+2
   234  07DE  3013               	movlw	19
   235  07DF  00F1               	movwf	??_main+1
   236  07E0  30AD               	movlw	173
   237  07E1  00F0               	movwf	??_main
   238  07E2                     u27:
   239  07E2  0BF0               	decfsz	??_main,f
   240  07E3  2FE2               	goto	u27
   241  07E4  0BF1               	decfsz	??_main+1,f
   242  07E5  2FE2               	goto	u27
   243  07E6  0BF2               	decfsz	??_main+2,f
   244  07E7  2FE2               	goto	u27
   245  07E8  2FE9               	nop2
   246                           
   247                           ;newmain.c: 46: PORTBbits.RB5=1;
   248  07E9  1283               	bcf	3,5	;RP0=0, select bank0
   249  07EA  1303               	bcf	3,6	;RP1=0, select bank0
   250  07EB  1686               	bsf	6,5	;volatile
   251                           
   252                           ;newmain.c: 47: _delay((unsigned long)((1000)*(4000000/4000.0)));
   253  07EC  3006               	movlw	6
   254  07ED  00F2               	movwf	??_main+2
   255  07EE  3013               	movlw	19
   256  07EF  00F1               	movwf	??_main+1
   257  07F0  30AD               	movlw	173
   258  07F1  00F0               	movwf	??_main
   259  07F2                     u37:
   260  07F2  0BF0               	decfsz	??_main,f
   261  07F3  2FF2               	goto	u37
   262  07F4  0BF1               	decfsz	??_main+1,f
   263  07F5  2FF2               	goto	u37
   264  07F6  0BF2               	decfsz	??_main+2,f
   265  07F7  2FF2               	goto	u37
   266  07F8  2FF9               	nop2
   267                           
   268                           ;newmain.c: 48: PORTBbits.RB5=0;
   269  07F9  1283               	bcf	3,5	;RP0=0, select bank0
   270  07FA  1303               	bcf	3,6	;RP1=0, select bank0
   271  07FB  1286               	bcf	6,5	;volatile
   272                           
   273                           ;newmain.c: 49: PORTBbits.RB1=0;
   274  07FC  1086               	bcf	6,1	;volatile
   275  07FD  2FC9               	goto	l555
   276  07FE                     __end_of_main:
   277  007E                     btemp	set	126	;btemp
   278  007E                     wtemp0	set	126
   279                           
   280                           	psect	config
   281                           
   282                           ;Config register CONFIG @ 0x2007
   283                           ;	Oscillator Selection bits
   284                           ;	FOSC = INTOSCCLK, INTOSC oscillator: CLKOUT function on RA6/OSC2/CLKOUT pin, I/O funct
      +                          ion on RA7/OSC1/CLKIN
   285                           ;	Watchdog Timer Enable bit
   286                           ;	WDTE = OFF, WDT disabled
   287                           ;	Power-up Timer Enable bit
   288                           ;	PWRTE = OFF, PWRT disabled
   289                           ;	RA5/MCLR/VPP Pin Function Select bit
   290                           ;	MCLRE = OFF, RA5/MCLR/VPP pin function is digital input, MCLR internally tied to VDD
   291                           ;	Brown-out Detect Enable bit
   292                           ;	BOREN = OFF, BOD disabled
   293                           ;	Low-Voltage Programming Enable bit
   294                           ;	LVP = OFF, RB4/PGM pin has digital I/O function, HV on MCLR must be used for programmi
      +                          ng
   295                           ;	Data EE Memory Code Protection bit
   296                           ;	CPD = OFF, Data memory code protection off
   297                           ;	Flash Program Memory Code Protection bit
   298                           ;	CP = OFF, Code protection off
   299  2007                     	org	8199
   300  2007  3F19               	dw	16153

Data Sizes:
    Strings     0
    Constant    0
    Data        0
    BSS         0
    Persistent  0
    Stack       0

Auto Spaces:
    Space          Size  Autos    Used
    COMMON           14      3       3
    BANK0            80      0       0
    BANK1            80      0       0
    BANK2            48      0       0

Pointer List with Targets:

    None.

Critical Paths under _main in COMMON

    None.

Critical Paths under _main in BANK0

    None.

Critical Paths under _main in BANK1

    None.

Critical Paths under _main in BANK2

    None.

Call Graph Tables:

 ---------------------------------------------------------------------------------
 (Depth) Function   	        Calls       Base Space   Used Autos Params    Refs
 ---------------------------------------------------------------------------------
 (0) _main                                                 3     3      0       0
                                              0 COMMON     3     3      0
 ---------------------------------------------------------------------------------
 Estimated maximum stack depth 0
 ---------------------------------------------------------------------------------

 Call Graph Graphs:

 _main (ROOT)

 Address spaces:
Name               Size   Autos  Total    Cost      Usage
BITCOMMON            E      0       0       0        0.0%
EEDATA              80      0       0       0        0.0%
NULL                 0      0       0       0        0.0%
CODE                 0      0       0       0        0.0%
COMMON               E      3       3       1       21.4%
BITSFR0              0      0       0       1        0.0%
SFR0                 0      0       0       1        0.0%
BITSFR1              0      0       0       2        0.0%
SFR1                 0      0       0       2        0.0%
STACK                0      0       0       2        0.0%
BANK0               50      0       0       3        0.0%
BITSFR3              0      0       0       4        0.0%
SFR3                 0      0       0       4        0.0%
ABS                  0      0       0       4        0.0%
BITBANK0            50      0       0       5        0.0%
BITSFR2              0      0       0       5        0.0%
SFR2                 0      0       0       5        0.0%
BITBANK1            50      0       0       6        0.0%
BANK1               50      0       0       7        0.0%
BITBANK2            30      0       0       8        0.0%
BANK2               30      0       0       9        0.0%
DATA                 0      0       0      10        0.0%


Microchip Technology PIC Macro Assembler V2.32 build 20210201212658 
Symbol Table                                                                                   Sat Jan 15 22:12:47 2022

                     u17 07D1                       u27 07E2                       u37 07F2  
                    l555 07C9                     _main 07C0                     btemp 007E  
                   start 0000                    ?_main 0070                    status 0003  
                  wtemp0 007E          __initialization 07FE             __end_of_main 07FE  
                 ??_main 0070  __end_of__initialization 07FE           __pcstackCOMMON 0070  
             __pmaintext 07C0                _CMCONbits 001F     end_of_initialization 07FE  
              _PORTBbits 0006                _TRISBbits 0086      start_initialization 07FE  
              ___latbits 0000            __size_of_main 003E  
